[2025-03-17 19:24:38] local.ERROR: The C:\Users\KDN20\OneDrive\Documents\Pokemon\Pokemon\bootstrap\cache directory must be present and writable. {"exception":"[object] (Exception(code: 0): The C:\\Users\\KDN20\\OneDrive\\Documents\\Pokemon\\Pokemon\\bootstrap\\cache directory must be present and writable. at C:\\Users\\KDN20\\OneDrive\\Documents\\Pokemon\\Pokemon\\vendor\\laravel\\framework\\src\\Illuminate\\Foundation\\PackageManifest.php:178)
[stacktrace]
#0 C:\\Users\\KDN20\\OneDrive\\Documents\\Pokemon\\Pokemon\\vendor\\laravel\\framework\\src\\Illuminate\\Foundation\\PackageManifest.php(131): Illuminate\\Foundation\\PackageManifest->write(Array)
#1 C:\\Users\\KDN20\\OneDrive\\Documents\\Pokemon\\Pokemon\\vendor\\laravel\\framework\\src\\Illuminate\\Foundation\\PackageManifest.php(107): Illuminate\\Foundation\\PackageManifest->build()
#2 C:\\Users\\KDN20\\OneDrive\\Documents\\Pokemon\\Pokemon\\vendor\\laravel\\framework\\src\\Illuminate\\Foundation\\PackageManifest.php(90): Illuminate\\Foundation\\PackageManifest->getManifest()
#3 C:\\Users\\KDN20\\OneDrive\\Documents\\Pokemon\\Pokemon\\vendor\\laravel\\framework\\src\\Illuminate\\Foundation\\PackageManifest.php(79): Illuminate\\Foundation\\PackageManifest->config('aliases')
#4 C:\\Users\\KDN20\\OneDrive\\Documents\\Pokemon\\Pokemon\\vendor\\laravel\\framework\\src\\Illuminate\\Foundation\\Bootstrap\\RegisterFacades.php(26): Illuminate\\Foundation\\PackageManifest->aliases()
#5 C:\\Users\\KDN20\\OneDrive\\Documents\\Pokemon\\Pokemon\\vendor\\laravel\\framework\\src\\Illuminate\\Foundation\\Application.php(263): Illuminate\\Foundation\\Bootstrap\\RegisterFacades->bootstrap(Object(Illuminate\\Foundation\\Application))
#6 C:\\Users\\KDN20\\OneDrive\\Documents\\Pokemon\\Pokemon\\vendor\\laravel\\framework\\src\\Illuminate\\Foundation\\Console\\Kernel.php(447): Illuminate\\Foundation\\Application->bootstrapWith(Array)
#7 C:\\Users\\KDN20\\OneDrive\\Documents\\Pokemon\\Pokemon\\vendor\\laravel\\framework\\src\\Illuminate\\Foundation\\Console\\Kernel.php(199): Illuminate\\Foundation\\Console\\Kernel->bootstrap()
#8 C:\\Users\\KDN20\\OneDrive\\Documents\\Pokemon\\Pokemon\\artisan(35): Illuminate\\Foundation\\Console\\Kernel->handle(Object(Symfony\\Component\\Console\\Input\\ArgvInput), Object(Symfony\\Component\\Console\\Output\\ConsoleOutput))
#9 {main}
"} 
[2025-03-17 19:29:06] local.ERROR: The C:\Users\KDN20\OneDrive\Documents\Pokemon\Pokemon\bootstrap\cache directory must be present and writable. {"exception":"[object] (Exception(code: 0): The C:\\Users\\KDN20\\OneDrive\\Documents\\Pokemon\\Pokemon\\bootstrap\\cache directory must be present and writable. at C:\\Users\\KDN20\\OneDrive\\Documents\\Pokemon\\Pokemon\\vendor\\laravel\\framework\\src\\Illuminate\\Foundation\\PackageManifest.php:178)
[stacktrace]
#0 C:\\Users\\KDN20\\OneDrive\\Documents\\Pokemon\\Pokemon\\vendor\\laravel\\framework\\src\\Illuminate\\Foundation\\PackageManifest.php(131): Illuminate\\Foundation\\PackageManifest->write(Array)
#1 C:\\Users\\KDN20\\OneDrive\\Documents\\Pokemon\\Pokemon\\vendor\\laravel\\framework\\src\\Illuminate\\Foundation\\PackageManifest.php(107): Illuminate\\Foundation\\PackageManifest->build()
#2 C:\\Users\\KDN20\\OneDrive\\Documents\\Pokemon\\Pokemon\\vendor\\laravel\\framework\\src\\Illuminate\\Foundation\\PackageManifest.php(90): Illuminate\\Foundation\\PackageManifest->getManifest()
#3 C:\\Users\\KDN20\\OneDrive\\Documents\\Pokemon\\Pokemon\\vendor\\laravel\\framework\\src\\Illuminate\\Foundation\\PackageManifest.php(79): Illuminate\\Foundation\\PackageManifest->config('aliases')
#4 C:\\Users\\KDN20\\OneDrive\\Documents\\Pokemon\\Pokemon\\vendor\\laravel\\framework\\src\\Illuminate\\Foundation\\Bootstrap\\RegisterFacades.php(26): Illuminate\\Foundation\\PackageManifest->aliases()
#5 C:\\Users\\KDN20\\OneDrive\\Documents\\Pokemon\\Pokemon\\vendor\\laravel\\framework\\src\\Illuminate\\Foundation\\Application.php(263): Illuminate\\Foundation\\Bootstrap\\RegisterFacades->bootstrap(Object(Illuminate\\Foundation\\Application))
#6 C:\\Users\\KDN20\\OneDrive\\Documents\\Pokemon\\Pokemon\\vendor\\laravel\\framework\\src\\Illuminate\\Foundation\\Console\\Kernel.php(447): Illuminate\\Foundation\\Application->bootstrapWith(Array)
#7 C:\\Users\\KDN20\\OneDrive\\Documents\\Pokemon\\Pokemon\\vendor\\laravel\\framework\\src\\Illuminate\\Foundation\\Console\\Kernel.php(199): Illuminate\\Foundation\\Console\\Kernel->bootstrap()
#8 C:\\Users\\KDN20\\OneDrive\\Documents\\Pokemon\\Pokemon\\artisan(35): Illuminate\\Foundation\\Console\\Kernel->handle(Object(Symfony\\Component\\Console\\Input\\ArgvInput), Object(Symfony\\Component\\Console\\Output\\ConsoleOutput))
#9 {main}
"} 
[2025-03-17 19:29:38] local.ERROR: The C:\Users\KDN20\OneDrive\Documents\Pokemon\Pokemon\bootstrap\cache directory must be present and writable. {"exception":"[object] (Exception(code: 0): The C:\\Users\\KDN20\\OneDrive\\Documents\\Pokemon\\Pokemon\\bootstrap\\cache directory must be present and writable. at C:\\Users\\KDN20\\OneDrive\\Documents\\Pokemon\\Pokemon\\vendor\\laravel\\framework\\src\\Illuminate\\Foundation\\PackageManifest.php:178)
[stacktrace]
#0 C:\\Users\\KDN20\\OneDrive\\Documents\\Pokemon\\Pokemon\\vendor\\laravel\\framework\\src\\Illuminate\\Foundation\\PackageManifest.php(131): Illuminate\\Foundation\\PackageManifest->write(Array)
#1 C:\\Users\\KDN20\\OneDrive\\Documents\\Pokemon\\Pokemon\\vendor\\laravel\\framework\\src\\Illuminate\\Foundation\\PackageManifest.php(107): Illuminate\\Foundation\\PackageManifest->build()
#2 C:\\Users\\KDN20\\OneDrive\\Documents\\Pokemon\\Pokemon\\vendor\\laravel\\framework\\src\\Illuminate\\Foundation\\PackageManifest.php(90): Illuminate\\Foundation\\PackageManifest->getManifest()
#3 C:\\Users\\KDN20\\OneDrive\\Documents\\Pokemon\\Pokemon\\vendor\\laravel\\framework\\src\\Illuminate\\Foundation\\PackageManifest.php(79): Illuminate\\Foundation\\PackageManifest->config('aliases')
#4 C:\\Users\\KDN20\\OneDrive\\Documents\\Pokemon\\Pokemon\\vendor\\laravel\\framework\\src\\Illuminate\\Foundation\\Bootstrap\\RegisterFacades.php(26): Illuminate\\Foundation\\PackageManifest->aliases()
#5 C:\\Users\\KDN20\\OneDrive\\Documents\\Pokemon\\Pokemon\\vendor\\laravel\\framework\\src\\Illuminate\\Foundation\\Application.php(263): Illuminate\\Foundation\\Bootstrap\\RegisterFacades->bootstrap(Object(Illuminate\\Foundation\\Application))
#6 C:\\Users\\KDN20\\OneDrive\\Documents\\Pokemon\\Pokemon\\vendor\\laravel\\framework\\src\\Illuminate\\Foundation\\Console\\Kernel.php(447): Illuminate\\Foundation\\Application->bootstrapWith(Array)
#7 C:\\Users\\KDN20\\OneDrive\\Documents\\Pokemon\\Pokemon\\vendor\\laravel\\framework\\src\\Illuminate\\Foundation\\Console\\Kernel.php(199): Illuminate\\Foundation\\Console\\Kernel->bootstrap()
#8 C:\\Users\\KDN20\\OneDrive\\Documents\\Pokemon\\Pokemon\\artisan(35): Illuminate\\Foundation\\Console\\Kernel->handle(Object(Symfony\\Component\\Console\\Input\\ArgvInput), Object(Symfony\\Component\\Console\\Output\\ConsoleOutput))
#9 {main}
"} 
[2025-03-17 19:32:40] local.ERROR: The C:\Users\KDN20\OneDrive\Documents\Pokemon\Pokemon\bootstrap\cache directory must be present and writable. {"exception":"[object] (Exception(code: 0): The C:\\Users\\KDN20\\OneDrive\\Documents\\Pokemon\\Pokemon\\bootstrap\\cache directory must be present and writable. at C:\\Users\\KDN20\\OneDrive\\Documents\\Pokemon\\Pokemon\\vendor\\laravel\\framework\\src\\Illuminate\\Foundation\\PackageManifest.php:178)
[stacktrace]
#0 C:\\Users\\KDN20\\OneDrive\\Documents\\Pokemon\\Pokemon\\vendor\\laravel\\framework\\src\\Illuminate\\Foundation\\PackageManifest.php(131): Illuminate\\Foundation\\PackageManifest->write(Array)
#1 C:\\Users\\KDN20\\OneDrive\\Documents\\Pokemon\\Pokemon\\vendor\\laravel\\framework\\src\\Illuminate\\Foundation\\PackageManifest.php(107): Illuminate\\Foundation\\PackageManifest->build()
#2 C:\\Users\\KDN20\\OneDrive\\Documents\\Pokemon\\Pokemon\\vendor\\laravel\\framework\\src\\Illuminate\\Foundation\\PackageManifest.php(90): Illuminate\\Foundation\\PackageManifest->getManifest()
#3 C:\\Users\\KDN20\\OneDrive\\Documents\\Pokemon\\Pokemon\\vendor\\laravel\\framework\\src\\Illuminate\\Foundation\\PackageManifest.php(79): Illuminate\\Foundation\\PackageManifest->config('aliases')
#4 C:\\Users\\KDN20\\OneDrive\\Documents\\Pokemon\\Pokemon\\vendor\\laravel\\framework\\src\\Illuminate\\Foundation\\Bootstrap\\RegisterFacades.php(26): Illuminate\\Foundation\\PackageManifest->aliases()
#5 C:\\Users\\KDN20\\OneDrive\\Documents\\Pokemon\\Pokemon\\vendor\\laravel\\framework\\src\\Illuminate\\Foundation\\Application.php(263): Illuminate\\Foundation\\Bootstrap\\RegisterFacades->bootstrap(Object(Illuminate\\Foundation\\Application))
#6 C:\\Users\\KDN20\\OneDrive\\Documents\\Pokemon\\Pokemon\\vendor\\laravel\\framework\\src\\Illuminate\\Foundation\\Console\\Kernel.php(447): Illuminate\\Foundation\\Application->bootstrapWith(Array)
#7 C:\\Users\\KDN20\\OneDrive\\Documents\\Pokemon\\Pokemon\\vendor\\laravel\\framework\\src\\Illuminate\\Foundation\\Console\\Kernel.php(199): Illuminate\\Foundation\\Console\\Kernel->bootstrap()
#8 C:\\Users\\KDN20\\OneDrive\\Documents\\Pokemon\\Pokemon\\artisan(35): Illuminate\\Foundation\\Console\\Kernel->handle(Object(Symfony\\Component\\Console\\Input\\ArgvInput), Object(Symfony\\Component\\Console\\Output\\ConsoleOutput))
#9 {main}
"} 
[2025-03-17 19:32:55] local.ERROR: The C:\Users\KDN20\OneDrive\Documents\Pokemon\Pokemon\bootstrap\cache directory must be present and writable. {"exception":"[object] (Exception(code: 0): The C:\\Users\\KDN20\\OneDrive\\Documents\\Pokemon\\Pokemon\\bootstrap\\cache directory must be present and writable. at C:\\Users\\KDN20\\OneDrive\\Documents\\Pokemon\\Pokemon\\vendor\\laravel\\framework\\src\\Illuminate\\Foundation\\PackageManifest.php:178)
[stacktrace]
#0 C:\\Users\\KDN20\\OneDrive\\Documents\\Pokemon\\Pokemon\\vendor\\laravel\\framework\\src\\Illuminate\\Foundation\\PackageManifest.php(131): Illuminate\\Foundation\\PackageManifest->write(Array)
#1 C:\\Users\\KDN20\\OneDrive\\Documents\\Pokemon\\Pokemon\\vendor\\laravel\\framework\\src\\Illuminate\\Foundation\\PackageManifest.php(107): Illuminate\\Foundation\\PackageManifest->build()
#2 C:\\Users\\KDN20\\OneDrive\\Documents\\Pokemon\\Pokemon\\vendor\\laravel\\framework\\src\\Illuminate\\Foundation\\PackageManifest.php(90): Illuminate\\Foundation\\PackageManifest->getManifest()
#3 C:\\Users\\KDN20\\OneDrive\\Documents\\Pokemon\\Pokemon\\vendor\\laravel\\framework\\src\\Illuminate\\Foundation\\PackageManifest.php(79): Illuminate\\Foundation\\PackageManifest->config('aliases')
#4 C:\\Users\\KDN20\\OneDrive\\Documents\\Pokemon\\Pokemon\\vendor\\laravel\\framework\\src\\Illuminate\\Foundation\\Bootstrap\\RegisterFacades.php(26): Illuminate\\Foundation\\PackageManifest->aliases()
#5 C:\\Users\\KDN20\\OneDrive\\Documents\\Pokemon\\Pokemon\\vendor\\laravel\\framework\\src\\Illuminate\\Foundation\\Application.php(263): Illuminate\\Foundation\\Bootstrap\\RegisterFacades->bootstrap(Object(Illuminate\\Foundation\\Application))
#6 C:\\Users\\KDN20\\OneDrive\\Documents\\Pokemon\\Pokemon\\vendor\\laravel\\framework\\src\\Illuminate\\Foundation\\Console\\Kernel.php(447): Illuminate\\Foundation\\Application->bootstrapWith(Array)
#7 C:\\Users\\KDN20\\OneDrive\\Documents\\Pokemon\\Pokemon\\vendor\\laravel\\framework\\src\\Illuminate\\Foundation\\Console\\Kernel.php(199): Illuminate\\Foundation\\Console\\Kernel->bootstrap()
#8 C:\\Users\\KDN20\\OneDrive\\Documents\\Pokemon\\Pokemon\\artisan(35): Illuminate\\Foundation\\Console\\Kernel->handle(Object(Symfony\\Component\\Console\\Input\\ArgvInput), Object(Symfony\\Component\\Console\\Output\\ConsoleOutput))
#9 {main}
"} 
[2025-03-17 19:33:00] local.ERROR: The C:\Users\KDN20\OneDrive\Documents\Pokemon\Pokemon\bootstrap\cache directory must be present and writable. {"exception":"[object] (Exception(code: 0): The C:\\Users\\KDN20\\OneDrive\\Documents\\Pokemon\\Pokemon\\bootstrap\\cache directory must be present and writable. at C:\\Users\\KDN20\\OneDrive\\Documents\\Pokemon\\Pokemon\\vendor\\laravel\\framework\\src\\Illuminate\\Foundation\\PackageManifest.php:178)
[stacktrace]
#0 C:\\Users\\KDN20\\OneDrive\\Documents\\Pokemon\\Pokemon\\vendor\\laravel\\framework\\src\\Illuminate\\Foundation\\PackageManifest.php(131): Illuminate\\Foundation\\PackageManifest->write(Array)
#1 C:\\Users\\KDN20\\OneDrive\\Documents\\Pokemon\\Pokemon\\vendor\\laravel\\framework\\src\\Illuminate\\Foundation\\PackageManifest.php(107): Illuminate\\Foundation\\PackageManifest->build()
#2 C:\\Users\\KDN20\\OneDrive\\Documents\\Pokemon\\Pokemon\\vendor\\laravel\\framework\\src\\Illuminate\\Foundation\\PackageManifest.php(90): Illuminate\\Foundation\\PackageManifest->getManifest()
#3 C:\\Users\\KDN20\\OneDrive\\Documents\\Pokemon\\Pokemon\\vendor\\laravel\\framework\\src\\Illuminate\\Foundation\\PackageManifest.php(79): Illuminate\\Foundation\\PackageManifest->config('aliases')
#4 C:\\Users\\KDN20\\OneDrive\\Documents\\Pokemon\\Pokemon\\vendor\\laravel\\framework\\src\\Illuminate\\Foundation\\Bootstrap\\RegisterFacades.php(26): Illuminate\\Foundation\\PackageManifest->aliases()
#5 C:\\Users\\KDN20\\OneDrive\\Documents\\Pokemon\\Pokemon\\vendor\\laravel\\framework\\src\\Illuminate\\Foundation\\Application.php(263): Illuminate\\Foundation\\Bootstrap\\RegisterFacades->bootstrap(Object(Illuminate\\Foundation\\Application))
#6 C:\\Users\\KDN20\\OneDrive\\Documents\\Pokemon\\Pokemon\\vendor\\laravel\\framework\\src\\Illuminate\\Foundation\\Console\\Kernel.php(447): Illuminate\\Foundation\\Application->bootstrapWith(Array)
#7 C:\\Users\\KDN20\\OneDrive\\Documents\\Pokemon\\Pokemon\\vendor\\laravel\\framework\\src\\Illuminate\\Foundation\\Console\\Kernel.php(199): Illuminate\\Foundation\\Console\\Kernel->bootstrap()
#8 C:\\Users\\KDN20\\OneDrive\\Documents\\Pokemon\\Pokemon\\artisan(35): Illuminate\\Foundation\\Console\\Kernel->handle(Object(Symfony\\Component\\Console\\Input\\ArgvInput), Object(Symfony\\Component\\Console\\Output\\ConsoleOutput))
#9 {main}
"} 
[2025-03-17 19:34:29] local.ERROR: The C:\Users\KDN20\OneDrive\Documents\Pokemon\Pokemon\bootstrap\cache directory must be present and writable. {"exception":"[object] (Exception(code: 0): The C:\\Users\\KDN20\\OneDrive\\Documents\\Pokemon\\Pokemon\\bootstrap\\cache directory must be present and writable. at C:\\Users\\KDN20\\OneDrive\\Documents\\Pokemon\\Pokemon\\vendor\\laravel\\framework\\src\\Illuminate\\Foundation\\PackageManifest.php:178)
[stacktrace]
#0 C:\\Users\\KDN20\\OneDrive\\Documents\\Pokemon\\Pokemon\\vendor\\laravel\\framework\\src\\Illuminate\\Foundation\\PackageManifest.php(131): Illuminate\\Foundation\\PackageManifest->write(Array)
#1 C:\\Users\\KDN20\\OneDrive\\Documents\\Pokemon\\Pokemon\\vendor\\laravel\\framework\\src\\Illuminate\\Foundation\\PackageManifest.php(107): Illuminate\\Foundation\\PackageManifest->build()
#2 C:\\Users\\KDN20\\OneDrive\\Documents\\Pokemon\\Pokemon\\vendor\\laravel\\framework\\src\\Illuminate\\Foundation\\PackageManifest.php(90): Illuminate\\Foundation\\PackageManifest->getManifest()
#3 C:\\Users\\KDN20\\OneDrive\\Documents\\Pokemon\\Pokemon\\vendor\\laravel\\framework\\src\\Illuminate\\Foundation\\PackageManifest.php(79): Illuminate\\Foundation\\PackageManifest->config('aliases')
#4 C:\\Users\\KDN20\\OneDrive\\Documents\\Pokemon\\Pokemon\\vendor\\laravel\\framework\\src\\Illuminate\\Foundation\\Bootstrap\\RegisterFacades.php(26): Illuminate\\Foundation\\PackageManifest->aliases()
#5 C:\\Users\\KDN20\\OneDrive\\Documents\\Pokemon\\Pokemon\\vendor\\laravel\\framework\\src\\Illuminate\\Foundation\\Application.php(263): Illuminate\\Foundation\\Bootstrap\\RegisterFacades->bootstrap(Object(Illuminate\\Foundation\\Application))
#6 C:\\Users\\KDN20\\OneDrive\\Documents\\Pokemon\\Pokemon\\vendor\\laravel\\framework\\src\\Illuminate\\Foundation\\Console\\Kernel.php(447): Illuminate\\Foundation\\Application->bootstrapWith(Array)
#7 C:\\Users\\KDN20\\OneDrive\\Documents\\Pokemon\\Pokemon\\vendor\\laravel\\framework\\src\\Illuminate\\Foundation\\Console\\Kernel.php(199): Illuminate\\Foundation\\Console\\Kernel->bootstrap()
#8 C:\\Users\\KDN20\\OneDrive\\Documents\\Pokemon\\Pokemon\\artisan(35): Illuminate\\Foundation\\Console\\Kernel->handle(Object(Symfony\\Component\\Console\\Input\\ArgvInput), Object(Symfony\\Component\\Console\\Output\\ConsoleOutput))
#9 {main}
"} 
[2025-03-17 19:39:27] local.ERROR: The C:\Users\KDN20\OneDrive\Documents\Pokemon\Pokemon\bootstrap\cache directory must be present and writable. {"exception":"[object] (Exception(code: 0): The C:\\Users\\KDN20\\OneDrive\\Documents\\Pokemon\\Pokemon\\bootstrap\\cache directory must be present and writable. at C:\\Users\\KDN20\\OneDrive\\Documents\\Pokemon\\Pokemon\\vendor\\laravel\\framework\\src\\Illuminate\\Foundation\\PackageManifest.php:178)
[stacktrace]
#0 C:\\Users\\KDN20\\OneDrive\\Documents\\Pokemon\\Pokemon\\vendor\\laravel\\framework\\src\\Illuminate\\Foundation\\PackageManifest.php(131): Illuminate\\Foundation\\PackageManifest->write(Array)
#1 C:\\Users\\KDN20\\OneDrive\\Documents\\Pokemon\\Pokemon\\vendor\\laravel\\framework\\src\\Illuminate\\Foundation\\PackageManifest.php(107): Illuminate\\Foundation\\PackageManifest->build()
#2 C:\\Users\\KDN20\\OneDrive\\Documents\\Pokemon\\Pokemon\\vendor\\laravel\\framework\\src\\Illuminate\\Foundation\\PackageManifest.php(90): Illuminate\\Foundation\\PackageManifest->getManifest()
#3 C:\\Users\\KDN20\\OneDrive\\Documents\\Pokemon\\Pokemon\\vendor\\laravel\\framework\\src\\Illuminate\\Foundation\\PackageManifest.php(79): Illuminate\\Foundation\\PackageManifest->config('aliases')
#4 C:\\Users\\KDN20\\OneDrive\\Documents\\Pokemon\\Pokemon\\vendor\\laravel\\framework\\src\\Illuminate\\Foundation\\Bootstrap\\RegisterFacades.php(26): Illuminate\\Foundation\\PackageManifest->aliases()
#5 C:\\Users\\KDN20\\OneDrive\\Documents\\Pokemon\\Pokemon\\vendor\\laravel\\framework\\src\\Illuminate\\Foundation\\Application.php(263): Illuminate\\Foundation\\Bootstrap\\RegisterFacades->bootstrap(Object(Illuminate\\Foundation\\Application))
#6 C:\\Users\\KDN20\\OneDrive\\Documents\\Pokemon\\Pokemon\\vendor\\laravel\\framework\\src\\Illuminate\\Foundation\\Console\\Kernel.php(447): Illuminate\\Foundation\\Application->bootstrapWith(Array)
#7 C:\\Users\\KDN20\\OneDrive\\Documents\\Pokemon\\Pokemon\\vendor\\laravel\\framework\\src\\Illuminate\\Foundation\\Console\\Kernel.php(199): Illuminate\\Foundation\\Console\\Kernel->bootstrap()
#8 C:\\Users\\KDN20\\OneDrive\\Documents\\Pokemon\\Pokemon\\artisan(35): Illuminate\\Foundation\\Console\\Kernel->handle(Object(Symfony\\Component\\Console\\Input\\ArgvInput), Object(Symfony\\Component\\Console\\Output\\ConsoleOutput))
#9 {main}
"} 
[2025-03-17 19:40:34] local.ERROR: The C:\Users\KDN20\OneDrive\Documents\Pokemon\Pokemon\bootstrap\cache directory must be present and writable. {"exception":"[object] (Exception(code: 0): The C:\\Users\\KDN20\\OneDrive\\Documents\\Pokemon\\Pokemon\\bootstrap\\cache directory must be present and writable. at C:\\Users\\KDN20\\OneDrive\\Documents\\Pokemon\\Pokemon\\vendor\\laravel\\framework\\src\\Illuminate\\Foundation\\PackageManifest.php:178)
[stacktrace]
#0 C:\\Users\\KDN20\\OneDrive\\Documents\\Pokemon\\Pokemon\\vendor\\laravel\\framework\\src\\Illuminate\\Foundation\\PackageManifest.php(131): Illuminate\\Foundation\\PackageManifest->write(Array)
#1 C:\\Users\\KDN20\\OneDrive\\Documents\\Pokemon\\Pokemon\\vendor\\laravel\\framework\\src\\Illuminate\\Foundation\\PackageManifest.php(107): Illuminate\\Foundation\\PackageManifest->build()
#2 C:\\Users\\KDN20\\OneDrive\\Documents\\Pokemon\\Pokemon\\vendor\\laravel\\framework\\src\\Illuminate\\Foundation\\PackageManifest.php(90): Illuminate\\Foundation\\PackageManifest->getManifest()
#3 C:\\Users\\KDN20\\OneDrive\\Documents\\Pokemon\\Pokemon\\vendor\\laravel\\framework\\src\\Illuminate\\Foundation\\PackageManifest.php(79): Illuminate\\Foundation\\PackageManifest->config('aliases')
#4 C:\\Users\\KDN20\\OneDrive\\Documents\\Pokemon\\Pokemon\\vendor\\laravel\\framework\\src\\Illuminate\\Foundation\\Bootstrap\\RegisterFacades.php(26): Illuminate\\Foundation\\PackageManifest->aliases()
#5 C:\\Users\\KDN20\\OneDrive\\Documents\\Pokemon\\Pokemon\\vendor\\laravel\\framework\\src\\Illuminate\\Foundation\\Application.php(263): Illuminate\\Foundation\\Bootstrap\\RegisterFacades->bootstrap(Object(Illuminate\\Foundation\\Application))
#6 C:\\Users\\KDN20\\OneDrive\\Documents\\Pokemon\\Pokemon\\vendor\\laravel\\framework\\src\\Illuminate\\Foundation\\Console\\Kernel.php(447): Illuminate\\Foundation\\Application->bootstrapWith(Array)
#7 C:\\Users\\KDN20\\OneDrive\\Documents\\Pokemon\\Pokemon\\vendor\\laravel\\framework\\src\\Illuminate\\Foundation\\Console\\Kernel.php(199): Illuminate\\Foundation\\Console\\Kernel->bootstrap()
#8 C:\\Users\\KDN20\\OneDrive\\Documents\\Pokemon\\Pokemon\\artisan(35): Illuminate\\Foundation\\Console\\Kernel->handle(Object(Symfony\\Component\\Console\\Input\\ArgvInput), Object(Symfony\\Component\\Console\\Output\\ConsoleOutput))
#9 {main}
"} 
[2025-03-17 19:40:46] local.ERROR: The C:\Users\KDN20\OneDrive\Documents\Pokemon\Pokemon\bootstrap\cache directory must be present and writable. {"exception":"[object] (Exception(code: 0): The C:\\Users\\KDN20\\OneDrive\\Documents\\Pokemon\\Pokemon\\bootstrap\\cache directory must be present and writable. at C:\\Users\\KDN20\\OneDrive\\Documents\\Pokemon\\Pokemon\\vendor\\laravel\\framework\\src\\Illuminate\\Foundation\\PackageManifest.php:178)
[stacktrace]
#0 C:\\Users\\KDN20\\OneDrive\\Documents\\Pokemon\\Pokemon\\vendor\\laravel\\framework\\src\\Illuminate\\Foundation\\PackageManifest.php(131): Illuminate\\Foundation\\PackageManifest->write(Array)
#1 C:\\Users\\KDN20\\OneDrive\\Documents\\Pokemon\\Pokemon\\vendor\\laravel\\framework\\src\\Illuminate\\Foundation\\PackageManifest.php(107): Illuminate\\Foundation\\PackageManifest->build()
#2 C:\\Users\\KDN20\\OneDrive\\Documents\\Pokemon\\Pokemon\\vendor\\laravel\\framework\\src\\Illuminate\\Foundation\\PackageManifest.php(90): Illuminate\\Foundation\\PackageManifest->getManifest()
#3 C:\\Users\\KDN20\\OneDrive\\Documents\\Pokemon\\Pokemon\\vendor\\laravel\\framework\\src\\Illuminate\\Foundation\\PackageManifest.php(79): Illuminate\\Foundation\\PackageManifest->config('aliases')
#4 C:\\Users\\KDN20\\OneDrive\\Documents\\Pokemon\\Pokemon\\vendor\\laravel\\framework\\src\\Illuminate\\Foundation\\Bootstrap\\RegisterFacades.php(26): Illuminate\\Foundation\\PackageManifest->aliases()
#5 C:\\Users\\KDN20\\OneDrive\\Documents\\Pokemon\\Pokemon\\vendor\\laravel\\framework\\src\\Illuminate\\Foundation\\Application.php(263): Illuminate\\Foundation\\Bootstrap\\RegisterFacades->bootstrap(Object(Illuminate\\Foundation\\Application))
#6 C:\\Users\\KDN20\\OneDrive\\Documents\\Pokemon\\Pokemon\\vendor\\laravel\\framework\\src\\Illuminate\\Foundation\\Console\\Kernel.php(447): Illuminate\\Foundation\\Application->bootstrapWith(Array)
#7 C:\\Users\\KDN20\\OneDrive\\Documents\\Pokemon\\Pokemon\\vendor\\laravel\\framework\\src\\Illuminate\\Foundation\\Console\\Kernel.php(199): Illuminate\\Foundation\\Console\\Kernel->bootstrap()
#8 C:\\Users\\KDN20\\OneDrive\\Documents\\Pokemon\\Pokemon\\artisan(35): Illuminate\\Foundation\\Console\\Kernel->handle(Object(Symfony\\Component\\Console\\Input\\ArgvInput), Object(Symfony\\Component\\Console\\Output\\ConsoleOutput))
#9 {main}
"} 
[2025-03-17 19:40:56] local.ERROR: The C:\Users\KDN20\OneDrive\Documents\Pokemon\Pokemon\bootstrap\cache directory must be present and writable. {"exception":"[object] (Exception(code: 0): The C:\\Users\\KDN20\\OneDrive\\Documents\\Pokemon\\Pokemon\\bootstrap\\cache directory must be present and writable. at C:\\Users\\KDN20\\OneDrive\\Documents\\Pokemon\\Pokemon\\vendor\\laravel\\framework\\src\\Illuminate\\Foundation\\PackageManifest.php:178)
[stacktrace]
#0 C:\\Users\\KDN20\\OneDrive\\Documents\\Pokemon\\Pokemon\\vendor\\laravel\\framework\\src\\Illuminate\\Foundation\\PackageManifest.php(131): Illuminate\\Foundation\\PackageManifest->write(Array)
#1 C:\\Users\\KDN20\\OneDrive\\Documents\\Pokemon\\Pokemon\\vendor\\laravel\\framework\\src\\Illuminate\\Foundation\\PackageManifest.php(107): Illuminate\\Foundation\\PackageManifest->build()
#2 C:\\Users\\KDN20\\OneDrive\\Documents\\Pokemon\\Pokemon\\vendor\\laravel\\framework\\src\\Illuminate\\Foundation\\PackageManifest.php(90): Illuminate\\Foundation\\PackageManifest->getManifest()
#3 C:\\Users\\KDN20\\OneDrive\\Documents\\Pokemon\\Pokemon\\vendor\\laravel\\framework\\src\\Illuminate\\Foundation\\PackageManifest.php(79): Illuminate\\Foundation\\PackageManifest->config('aliases')
#4 C:\\Users\\KDN20\\OneDrive\\Documents\\Pokemon\\Pokemon\\vendor\\laravel\\framework\\src\\Illuminate\\Foundation\\Bootstrap\\RegisterFacades.php(26): Illuminate\\Foundation\\PackageManifest->aliases()
#5 C:\\Users\\KDN20\\OneDrive\\Documents\\Pokemon\\Pokemon\\vendor\\laravel\\framework\\src\\Illuminate\\Foundation\\Application.php(263): Illuminate\\Foundation\\Bootstrap\\RegisterFacades->bootstrap(Object(Illuminate\\Foundation\\Application))
#6 C:\\Users\\KDN20\\OneDrive\\Documents\\Pokemon\\Pokemon\\vendor\\laravel\\framework\\src\\Illuminate\\Foundation\\Console\\Kernel.php(447): Illuminate\\Foundation\\Application->bootstrapWith(Array)
#7 C:\\Users\\KDN20\\OneDrive\\Documents\\Pokemon\\Pokemon\\vendor\\laravel\\framework\\src\\Illuminate\\Foundation\\Console\\Kernel.php(199): Illuminate\\Foundation\\Console\\Kernel->bootstrap()
#8 C:\\Users\\KDN20\\OneDrive\\Documents\\Pokemon\\Pokemon\\artisan(35): Illuminate\\Foundation\\Console\\Kernel->handle(Object(Symfony\\Component\\Console\\Input\\ArgvInput), Object(Symfony\\Component\\Console\\Output\\ConsoleOutput))
#9 {main}
"} 
[2025-03-17 21:39:14] local.ERROR: The C:\Users\KDN20\OneDrive\Documents\Pokemon\Pokemon\bootstrap\cache directory must be present and writable. {"exception":"[object] (Exception(code: 0): The C:\\Users\\KDN20\\OneDrive\\Documents\\Pokemon\\Pokemon\\bootstrap\\cache directory must be present and writable. at C:\\Users\\KDN20\\OneDrive\\Documents\\Pokemon\\Pokemon\\vendor\\laravel\\framework\\src\\Illuminate\\Foundation\\PackageManifest.php:178)
[stacktrace]
#0 C:\\Users\\KDN20\\OneDrive\\Documents\\Pokemon\\Pokemon\\vendor\\laravel\\framework\\src\\Illuminate\\Foundation\\PackageManifest.php(131): Illuminate\\Foundation\\PackageManifest->write(Array)
#1 C:\\Users\\KDN20\\OneDrive\\Documents\\Pokemon\\Pokemon\\vendor\\laravel\\framework\\src\\Illuminate\\Foundation\\PackageManifest.php(107): Illuminate\\Foundation\\PackageManifest->build()
#2 C:\\Users\\KDN20\\OneDrive\\Documents\\Pokemon\\Pokemon\\vendor\\laravel\\framework\\src\\Illuminate\\Foundation\\PackageManifest.php(90): Illuminate\\Foundation\\PackageManifest->getManifest()
#3 C:\\Users\\KDN20\\OneDrive\\Documents\\Pokemon\\Pokemon\\vendor\\laravel\\framework\\src\\Illuminate\\Foundation\\PackageManifest.php(79): Illuminate\\Foundation\\PackageManifest->config('aliases')
#4 C:\\Users\\KDN20\\OneDrive\\Documents\\Pokemon\\Pokemon\\vendor\\laravel\\framework\\src\\Illuminate\\Foundation\\Bootstrap\\RegisterFacades.php(26): Illuminate\\Foundation\\PackageManifest->aliases()
#5 C:\\Users\\KDN20\\OneDrive\\Documents\\Pokemon\\Pokemon\\vendor\\laravel\\framework\\src\\Illuminate\\Foundation\\Application.php(263): Illuminate\\Foundation\\Bootstrap\\RegisterFacades->bootstrap(Object(Illuminate\\Foundation\\Application))
#6 C:\\Users\\KDN20\\OneDrive\\Documents\\Pokemon\\Pokemon\\vendor\\laravel\\framework\\src\\Illuminate\\Foundation\\Console\\Kernel.php(447): Illuminate\\Foundation\\Application->bootstrapWith(Array)
#7 C:\\Users\\KDN20\\OneDrive\\Documents\\Pokemon\\Pokemon\\vendor\\laravel\\framework\\src\\Illuminate\\Foundation\\Console\\Kernel.php(199): Illuminate\\Foundation\\Console\\Kernel->bootstrap()
#8 C:\\Users\\KDN20\\OneDrive\\Documents\\Pokemon\\Pokemon\\artisan(35): Illuminate\\Foundation\\Console\\Kernel->handle(Object(Symfony\\Component\\Console\\Input\\ArgvInput), Object(Symfony\\Component\\Console\\Output\\ConsoleOutput))
#9 {main}
"} 
[2025-03-17 21:40:16] local.ERROR: The C:\Users\KDN20\OneDrive\Documents\Pokemon\Pokemon\bootstrap\cache directory must be present and writable. {"exception":"[object] (Exception(code: 0): The C:\\Users\\KDN20\\OneDrive\\Documents\\Pokemon\\Pokemon\\bootstrap\\cache directory must be present and writable. at C:\\Users\\KDN20\\OneDrive\\Documents\\Pokemon\\Pokemon\\vendor\\laravel\\framework\\src\\Illuminate\\Foundation\\PackageManifest.php:178)
[stacktrace]
#0 C:\\Users\\KDN20\\OneDrive\\Documents\\Pokemon\\Pokemon\\vendor\\laravel\\framework\\src\\Illuminate\\Foundation\\PackageManifest.php(131): Illuminate\\Foundation\\PackageManifest->write(Array)
#1 C:\\Users\\KDN20\\OneDrive\\Documents\\Pokemon\\Pokemon\\vendor\\laravel\\framework\\src\\Illuminate\\Foundation\\PackageManifest.php(107): Illuminate\\Foundation\\PackageManifest->build()
#2 C:\\Users\\KDN20\\OneDrive\\Documents\\Pokemon\\Pokemon\\vendor\\laravel\\framework\\src\\Illuminate\\Foundation\\PackageManifest.php(90): Illuminate\\Foundation\\PackageManifest->getManifest()
#3 C:\\Users\\KDN20\\OneDrive\\Documents\\Pokemon\\Pokemon\\vendor\\laravel\\framework\\src\\Illuminate\\Foundation\\PackageManifest.php(79): Illuminate\\Foundation\\PackageManifest->config('aliases')
#4 C:\\Users\\KDN20\\OneDrive\\Documents\\Pokemon\\Pokemon\\vendor\\laravel\\framework\\src\\Illuminate\\Foundation\\Bootstrap\\RegisterFacades.php(26): Illuminate\\Foundation\\PackageManifest->aliases()
#5 C:\\Users\\KDN20\\OneDrive\\Documents\\Pokemon\\Pokemon\\vendor\\laravel\\framework\\src\\Illuminate\\Foundation\\Application.php(263): Illuminate\\Foundation\\Bootstrap\\RegisterFacades->bootstrap(Object(Illuminate\\Foundation\\Application))
#6 C:\\Users\\KDN20\\OneDrive\\Documents\\Pokemon\\Pokemon\\vendor\\laravel\\framework\\src\\Illuminate\\Foundation\\Console\\Kernel.php(447): Illuminate\\Foundation\\Application->bootstrapWith(Array)
#7 C:\\Users\\KDN20\\OneDrive\\Documents\\Pokemon\\Pokemon\\vendor\\laravel\\framework\\src\\Illuminate\\Foundation\\Console\\Kernel.php(199): Illuminate\\Foundation\\Console\\Kernel->bootstrap()
#8 C:\\Users\\KDN20\\OneDrive\\Documents\\Pokemon\\Pokemon\\artisan(35): Illuminate\\Foundation\\Console\\Kernel->handle(Object(Symfony\\Component\\Console\\Input\\ArgvInput), Object(Symfony\\Component\\Console\\Output\\ConsoleOutput))
#9 {main}
"} 
